Arguments: 
  C:\Program Files\nodejs\node.exe C:\Users\10186366\AppData\Roaming\npm\node_modules\yarn\bin\yarn.js

PATH: 
  C:\Program Files\nodejs\node_modules\npm\node_modules\npm-lifecycle\node-gyp-bin;F:\qiankun\qiankun-master\node_modules\.bin;C:\ProgramData\Oracle\Java\javapath;C:\Windows\system32;C:\Windows;C:\Windows\System32\Wbem;C:\Windows\System32\WindowsPowerShell\v1.0\;C:\Program Files (x86)\ZTEGuestOS\online;C:\Program Files (x86)\PVDrivers\tools;C:\Program Files (x86)\McAfee\MOVE AV Client\;%M3_HOME%\bin;C:\Program Files\Java\jdk1.8.0_121\bin;C:\Program Files\Java\jdk1.8.0_121\jre\bin;C:\Program Files\Git\usr\bin;C:\Program Files\TortoiseGit\bin;C:\Program Files (x86)\ZTEGuestOS\vmcomm\x86;C:\Program Files (x86)\ZTEGuestOS\vmcomm\x64;D:\maven\bin;C:\Program Files\Microsoft VS Code\bin;C:\Program Files\VisualSVN Server\bin;C:\Program Files\nodejs\;C:\python\Scripts\;C:\python\;C:\Program Files\Microsoft VS Code\bin;C:\Users\10186366\AppData\Roaming\npm

Yarn version: 
  1.22.4

Node version: 
  13.13.0

Platform: 
  win32 x64

Trace: 
  Error: https://registry.npm.taobao.org/parcel-bundler/download/parcel-bundler-1.12.4.tgz: tunneling socket could not be established, cause=connect ECONNREFUSED 10.41.70.8:443
      at ClientRequest.onError (C:\Users\10186366\AppData\Roaming\npm\node_modules\yarn\lib\cli.js:152234:17)
      at Object.onceWrapper (events.js:422:26)
      at ClientRequest.emit (events.js:315:20)
      at TLSSocket.socketErrorListener (_http_client.js:432:9)
      at TLSSocket.emit (events.js:315:20)
      at emitErrorNT (internal/streams/destroy.js:84:8)
      at processTicksAndRejections (internal/process/task_queues.js:84:21)

npm manifest: 
  {
    "name": "main",
    "version": "1.0.0",
    "description": "",
    "main": "index.js",
    "scripts": {
      "start": "parcel index.html --port 7099",
      "start:multiple": "parcel multiple.html --port 7099",
      "test": "echo \"Error: no test specified\" && exit 1"
    },
    "author": "",
    "devDependencies": {
      "less": "^3.9.0",
      "parcel-bundler": "^1.12.3"
    },
    "dependencies": {
      "react": "^16.8.6",
      "react-dom": "^16.8.6",
      "vue": "^2.6.11",
      "zone.js": "^0.10.2"
    }
  }

yarn manifest: 
  No manifest

Lockfile: 
  No lockfile
